"../../../Engine/Content/Functions/Engine_MaterialFunctions01/Opacity/CameraDepthFade.uasset" 0
"../../../Engine/Content/EngineMaterials/T_Default_Material_Grid_M.uasset" 1
"../../../Engine/Content/EngineMaterials/T_Default_Material_Grid_N.uasset" 2
"../../../Engine/Content/EngineMaterials/WorldGridMaterial.uasset" 3
"../../../ShooterGame/Content/UI/Menu/LoadingScreen.uasset" 4
"../../../ShooterGame/Content/UI/Menu/LoadingScreen_Mat.uasset" 5
"../../../Engine/Content/EditorMeshes/EditorPlane.uasset" 6
"../../../ShooterGame/Content/Maps/ShooterEntry.umap" 7
"../../../ShooterGame/Content/FMOD/Events/ambient/ambient_ocean.uasset" 8
"../../../ShooterGame/Content/Maps/OceanSounds.umap" 9
"../../../Engine/Content/EngineMeshes/Humanoid.uasset" 10
"../../../ShooterGame/Content/Characters/Textures/MaleSoldier/T_MaleSoldier_Body_D.uasset" 11
"../../../ShooterGame/Content/Environment/PhysicalMaterials/M_BodyDamage.uasset" 12
"../../../ShooterGame/Content/Characters/Textures/MaleSoldier/T_MaleSoldier_EyeRefMask_D.uasset" 13
"../../../ShooterGame/Content/Characters/Materials/MaleSoldier/M_MaleSoldier_EyeRefMask_D.uasset" 14
"../../../ShooterGame/Content/Characters/Textures/MaleSoldier/T_MaleSoldier_Hair_D.uasset" 15
"../../../ShooterGame/Content/Characters/Materials/MaleSoldier/M_MaleSoldier_Hair_D.uasset" 16
"../../../ShooterGame/Content/Characters/Textures/MaleSoldier/T_MaleSoldier_Hands_D.uasset" 17
"../../../ShooterGame/Content/Characters/Materials/MaleSoldier/M_MaleSoldier_Hand_D.uasset" 18
"../../../ShooterGame/Content/Characters/Textures/MaleSoldier/T_MaleSoldier_Head_D.uasset" 19
"../../../ShooterGame/Content/Characters/Materials/MaleSoldier/M_MaleSoldier_Head_D.uasset" 20
"../../../ShooterGame/Content/Characters/Textures/MaleSoldier/T_MaleSoldier_Leg_D.uasset" 21
"../../../ShooterGame/Content/Characters/Materials/MaleSoldier/M_MaleSoldier_Legs_D.uasset" 22
"../../../Engine/Content/Functions/Engine_MaterialFunctions01/Texturing/FlattenNormal.uasset" 23
"../../../Engine/Content/Functions/Engine_MaterialFunctions02/Utility/BlendAngleCorrectedNormals.uasset" 24
"../../../Engine/Content/Functions/MaterialLayerFunctions/MatLayerBlend_BakedNormal.uasset" 25
"../../../Engine/Content/Functions/MaterialLayerFunctions/MatLayerBlend_Standard.uasset" 26
"../../../Engine/Content/Functions/MaterialLayerFunctions/MatLayerBlend_TintAllChannels.uasset" 27
"../../../ShooterGame/Content/Characters/Textures/Hero/Chr_FPS_D.uasset" 28
"../../../ShooterGame/Content/Environment/Textures/T_Vista_Grass_N.uasset" 29
"../../../ShooterGame/Content/Characters/Materials/Hero/ML_Base.uasset" 30
"../../../ShooterGame/Content/Characters/Textures/Hero/Chr_FPS_02_M.uasset" 31
"../../../ShooterGame/Content/Characters/Textures/Hero/Chr_FPS_M.uasset" 32
"../../../ShooterGame/Content/Characters/Materials/Hero/ML_Emissive_Custom.uasset" 33
"../../../ShooterGame/Content/Characters/Textures/Tiles/T_Sctraches_01.uasset" 34
"../../../ShooterGame/Content/Characters/Materials/Hero/ML_Glass.uasset" 35
"../../../ShooterGame/Content/Characters/Textures/Hero/Chr_FPS_Metal_02.uasset" 36
"../../../ShooterGame/Content/Characters/Materials/Hero/ML_Metal_light.uasset" 37
"../../../ShooterGame/Content/Characters/Textures/Hero/Chr_FPS_Metal_01.uasset" 38
"../../../ShooterGame/Content/Characters/Materials/Hero/ML_Metal_Painted.uasset" 39
"../../../ShooterGame/Content/Characters/Materials/Hero/ML_Rubber_dark.uasset" 40
"../../../ShooterGame/Content/Characters/Textures/Hero/Chr_FPS_Fabric_N_01.uasset" 41
"../../../ShooterGame/Content/Characters/Materials/Hero/ML_Rubber_light.uasset" 42
"../../../ShooterGame/Content/Characters/Textures/Hero/Chr_FPS_M_03tga.uasset" 43
"../../../ShooterGame/Content/Characters/Textures/Hero/Chr_FPS_N.uasset" 44
"../../../ShooterGame/Content/Characters/Materials/Hero/HeroTPP.uasset" 45
"../../../ShooterGame/Content/Characters/HeroTPP/HeroTPP_Physics.uasset" 46
"../../../Engine/Content/Functions/MaterialLayerFunctions/MatLayerBlend_Decal.uasset" 47
"../../../Engine/Content/Functions/MaterialLayerFunctions/MatLayerBlend_RoughnessOverride.uasset" 48
"../../../ShooterGame/Content/Weapons/MaterialLayers/ML_BoltMetal.uasset" 49
"../../../ShooterGame/Content/Weapons/MaterialLayers/T_ExampleLayers_Metal02_N.uasset" 50
"../../../ShooterGame/Content/Weapons/MaterialLayers/ML_Metal_Copper.uasset" 51
"../../../ShooterGame/Content/Weapons/MaterialLayers/T_Metal_Metal02_D.uasset" 52
"../../../ShooterGame/Content/Weapons/MaterialLayers/ML_Metal_Gray.uasset" 53
"../../../ShooterGame/Content/Weapons/MaterialLayers/T_PaintedMetal01_N.uasset" 54
"../../../ShooterGame/Content/Weapons/MaterialLayers/T_PaintedMetal02.uasset" 55
"../../../ShooterGame/Content/Weapons/MaterialLayers/ML_Paint.uasset" 56
"../../../ShooterGame/Content/Weapons/MaterialLayers/T_Rubber.uasset" 57
"../../../ShooterGame/Content/Weapons/MaterialLayers/ML_Rubber.uasset" 58
"../../../ShooterGame/Content/Weapons/Textures/Rifle/MagGun_01_N.uasset" 59
"../../../ShooterGame/Content/Weapons/Textures/Rifle/MagGun_Decals.uasset" 60
"../../../ShooterGame/Content/Weapons/Textures/Rifle/MagGunT1_section.uasset" 61
"../../../ShooterGame/Content/Weapons/Textures/Rifle/MagGunT1_shade.uasset" 62
"../../../ShooterGame/Content/Weapons/Materials/Rifle/MagGun_MatA.uasset" 63
"../../../ShooterGame/Content/Weapons/Materials/Rifle/MagGun_MatA_Inst3.uasset" 64
"../../../ShooterGame/Content/Weapons/Materials/MagGun_MatA_Inst3.uasset" 65
"../../../Engine/Content/Functions/MaterialLayerFunctions/MatLayerBlend_Emissive.uasset" 66
"../../../ShooterGame/Content/Weapons/Textures/Rifle/MagGun_02_N.uasset" 67
"../../../ShooterGame/Content/Weapons/Textures/Rifle/MagGun_Display_EM.uasset" 68
"../../../ShooterGame/Content/Weapons/Textures/Rifle/MagGunT2_section.uasset" 69
"../../../ShooterGame/Content/Weapons/Textures/Rifle/MagGunT2_shade.uasset" 70
"../../../ShooterGame/Content/Weapons/Materials/Rifle/MagGun_MatB.uasset" 71
"../../../ShooterGame/Content/Weapons/Materials/Rifle/MagGun_MatB_Inst2.uasset" 72
"../../../ShooterGame/Content/Weapons/Materials/MagGun_MatB_Inst2.uasset" 73
"../../../ShooterGame/Content/Environment/Textures/holo_layer_1_5.uasset" 74
"../../../ShooterGame/Content/Weapons/Textures/Rifle/SightLens_maskA.uasset" 75
"../../../ShooterGame/Content/Weapons/Textures/Rifle/SightLens_maskB.uasset" 76
"../../../ShooterGame/Content/Weapons/Materials/Rifle/MagGun_SightLens_Mat.uasset" 77
"../../../ShooterGame/Content/Weapons/Materials/Rifle/MagGun_SightLens_Mat_Inst.uasset" 78
"../../../ShooterGame/Content/Weapons/Materials/MagGun_SightLens_Mat_Inst.uasset" 79
"../../../ShooterGame/Content/StarterContent/Materials/M_Glass.uasset" 80
"../../../ShooterGame/Content/Weapons/Materials/M4A1_Rifle/M_M4A1_Rifle_Body.uasset" 81
"../../../ShooterGame/Content/Weapons/Materials/M4A1_Rifle/M_M4A1_Rifle_Bolts.uasset" 82
"../../../ShooterGame/Content/Weapons/Textures/M4A1_Rifle/T_M4A1_Digital_Camo_D.uasset" 83
"../../../ShooterGame/Content/Weapons/Materials/M4A1_Rifle/M_M4A1_Rifle_Camo.uasset" 84
"../../../ShooterGame/Content/Weapons/Physics/M4A1_Rifle_PhysicsAsset.uasset" 85
"../../../ShooterGame/Content/Effects/Textures/LensFlare/T_Lensflare_01.uasset" 86
"../../../ShooterGame/Content/Effects/Materials/LensFlare/M_Lensflare_01.uasset" 87
"../../../Engine/Content/Functions/Engine_MaterialFunctions01/Gradient/RadialGradient.uasset" 88
"../../../ShooterGame/Content/Effects/Materials/Ramp/M_SoftGradient_Muzzle.uasset" 89
"../../../ShooterGame/Content/Effects/Textures/Smoke/T_Clouds_01.uasset" 90
"../../../ShooterGame/Content/Effects/Textures/Smoke/T_SmokeBall_01_8_8.uasset" 91
"../../../ShooterGame/Content/Effects/Materials/Smoke/M_ImpactSmoke.uasset" 92
"../../../ShooterGame/Content/Effects/Materials/Smoke/M_SmokeBall.uasset" 93
"../../../ShooterGame/Content/Effects/Textures/Weapon/T_muzzle_flashes.uasset" 94
"../../../ShooterGame/Content/Effects/Materials/Weapon/M_muzzle_flash_subUV.uasset" 95
"../../../Engine/Content/Functions/Engine_MaterialFunctions01/Gradient/LinearGradient.uasset" 96
"../../../ShooterGame/Content/Effects/Textures/Mask/T_SquareMaskTightEdge.uasset" 97
"../../../ShooterGame/Content/Effects/Textures/Noise/T_TileNoise.uasset" 98
"../../../ShooterGame/Content/Effects/Materials/Weapon/M_MuzzleGlow.uasset" 99
"../../../ShooterGame/Content/Effects/Meshes/Weapon/SM_MuzzleCone.uasset" 100
"../../../ShooterGame/Content/Effects/ParticleSystems/Weapons/AssaultRifle/Muzzle/P_AssaultRifle_MF.uasset" 101
"../../../ShooterGame/Content/Weapons/Meshes/M4A1_Rifle.uasset" 102
"../../../ShooterGame/Content/Weapons/Skeletons/Rifle_Skeleton.uasset" 103
"../../../ShooterGame/Content/Weapons/Meshes/Rifle.uasset" 104
"../../../ShooterGame/Content/Characters/HeroTPP/HeroTPP.uasset" 105
"../../../ShooterGame/Content/Characters/HeroTPP/HeroTPP_Skeleton.uasset" 106
"../../../ShooterGame/Content/Characters/MaleSoldierTPP/maleSoldier_TPP_PhysicsAsset.uasset" 107
"../../../ShooterGame/Content/Characters/MaleSoldierTPP/maleSoldier_TPP.uasset" 108
"../../../ShooterGame/Content/Characters/Materials/MaleSoldier/M_MaleSoldier_Body_D.uasset" 109
"../../../ShooterGame/Content/Characters/HeroFPP/HeroFPP.uasset" 110
"../../../ShooterGame/Content/Characters/HeroFPP/HeroFPP_Skeleton.uasset" 111
"../../../ShooterGame/Content/Animations/FPP_Animations/FPP_LauncherAim.uasset" 112
"../../../ShooterGame/Content/Animations/FPP_Animations/FPP_LauncherIdle.uasset" 113
"../../../Engine/Content/EditorBlueprintResources/StandardMacros.uasset" 114
"../../../Engine/Content/EngineAnimNotifies/AnimNotify_PlaySound.uasset" 115
"../../../ShooterGame/Content/Sounds/FoleyBodyMoves/Stereo/FoleyBody_Land01_Stereo.uasset" 116
"../../../ShooterGame/Content/Sounds/FoleyBodyMoves/Stereo/FoleyBody_Land02_Stereo.uasset" 117
"../../../ShooterGame/Content/Sounds/FoleyBodyMoves/Stereo/FoleyBody_Land03_Stereo.uasset" 118
"../../../ShooterGame/Content/Sounds/FoleyBodyMoves/Stereo/FoleyBody_Land04_Stereo.uasset" 119
"../../../ShooterGame/Content/Sounds/FoleyBodyMoves/Stereo/FoleyBody_Land05_Stereo.uasset" 120
"../../../ShooterGame/Content/Sounds/SoundClassesAndMixes/Ambient.uasset" 121
"../../../ShooterGame/Content/Sounds/SoundClassesAndMixes/UIControllerSounds.uasset" 122
"../../../ShooterGame/Content/Sounds/SoundClassesAndMixes/UI.uasset" 123
"../../../ShooterGame/Content/Sounds/SoundClassesAndMixes/Master.uasset" 124
"../../../ShooterGame/Content/Sounds/SoundClassesAndMixes/PSM_DuckEnvironment.uasset" 125
"../../../ShooterGame/Content/Sounds/SoundClassesAndMixes/Weapons.uasset" 126
"../../../ShooterGame/Content/Sounds/SoundClassesAndMixes/SFX.uasset" 127
"../../../ShooterGame/Content/Sounds/SoundClassesAndMixes/Characters.uasset" 128
"../../../ShooterGame/Content/Sounds/FoleyBodyMoves/Stereo/FoleyBody_Land_Stereo_Cue.uasset" 129
"../../../ShooterGame/Content/Animations/FPP_Animations/FPP_LauncherJumpEnd.uasset" 130
"../../../ShooterGame/Content/Animations/FPP_Animations/FPP_LauncherJumpLoop.uasset" 131
"../../../ShooterGame/Content/Sounds/FoleyBodyMoves/Stereo/FoleyBody_BodyMove01_Stereo.uasset" 132
"../../../ShooterGame/Content/Sounds/FoleyBodyMoves/Stereo/FoleyBody_BodyMove02_Stereo.uasset" 133
"../../../ShooterGame/Content/Sounds/FoleyBodyMoves/Stereo/FoleyBody_BodyMove03_Stereo.uasset" 134
"../../../ShooterGame/Content/Sounds/FoleyBodyMoves/Stereo/FoleyBody_BodyMove04_Stereo.uasset" 135
"../../../ShooterGame/Content/Sounds/FoleyBodyMoves/Stereo/FoleyBody_BodyMove_Stereo_Cue.uasset" 136
"../../../ShooterGame/Content/Animations/FPP_Animations/FPP_LauncherJumpStart.uasset" 137
"../../../ShooterGame/Content/Sounds/Footsteps/Stereo/Footstep_Generic01_Stereo.uasset" 138
"../../../ShooterGame/Content/Sounds/Footsteps/Stereo/Footstep_Generic02_Stereo.uasset" 139
"../../../ShooterGame/Content/Sounds/Footsteps/Stereo/Footstep_Generic03_Stereo.uasset" 140
"../../../ShooterGame/Content/Sounds/Footsteps/Stereo/Footstep_Generic04_Stereo.uasset" 141
"../../../ShooterGame/Content/Sounds/Footsteps/Stereo/Footstep_Generic05_Stereo.uasset" 142
"../../../ShooterGame/Content/Sounds/Footsteps/Stereo/Footstep_Generic06_Stereo.uasset" 143
"../../../ShooterGame/Content/Sounds/Footsteps/Stereo/Footstep_Generic07_Stereo.uasset" 144
"../../../ShooterGame/Content/Sounds/Footsteps/Stereo/Footstep_Generic08_Stereo.uasset" 145
"../../../ShooterGame/Content/Sounds/Footsteps/Stereo/Footstep_Generic09_Stereo.uasset" 146
"../../../ShooterGame/Content/Sounds/Footsteps/Stereo/Footstep_Generic10_Stereo.uasset" 147
"../../../ShooterGame/Content/Sounds/Footsteps/Stereo/Footstep_Generic11_Stereo.uasset" 148
"../../../ShooterGame/Content/Sounds/Footsteps/Stereo/Footstep_Generic12_Stereo.uasset" 149
"../../../ShooterGame/Content/Sounds/Footsteps/Stereo/Footsteps_Generic_Stereo_Cue.uasset" 150
"../../../ShooterGame/Content/Animations/FPP_Animations/FPP_LauncherRoadieRun.uasset" 151
"../../../ShooterGame/Content/Animations/FPP_Animations/FPP_LauncherRun.uasset" 152
"../../../ShooterGame/Content/Animations/FPP_Animations/FPP_RifleAim.uasset" 153
"../../../ShooterGame/Content/Animations/FPP_Animations/FPP_RifleIdle.uasset" 154
"../../../ShooterGame/Content/Animations/FPP_Animations/FPP_RifleJumpEnd.uasset" 155
"../../../ShooterGame/Content/Animations/FPP_Animations/FPP_RifleJumpLoop.uasset" 156
"../../../ShooterGame/Content/Animations/FPP_Animations/FPP_RifleJumpStart.uasset" 157
"../../../ShooterGame/Content/Animations/FPP_Animations/FPP_RifleRoadieRun.uasset" 158
"../../../ShooterGame/Content/Animations/FPP_Animations/FPP_RifleRun.uasset" 159
"../../../ShooterGame/Content/Characters/HeroFPP/HeroFPP_AnimationBlueprint.uasset" 160
"../../../ShooterGame/Content/Sounds/FoleyBodyMoves/Mono/FoleyBody_BodyMove01.uasset" 161
"../../../ShooterGame/Content/Sounds/FoleyBodyMoves/Mono/FoleyBody_BodyMove02.uasset" 162
"../../../ShooterGame/Content/Sounds/FoleyBodyMoves/Mono/FoleyBody_BodyMove03.uasset" 163
"../../../ShooterGame/Content/Sounds/FoleyBodyMoves/Mono/FoleyBody_BodyMove04.uasset" 164
"../../../ShooterGame/Content/Sounds/FoleyBodyMoves/Mono/FoleyBody_BodyMove_Cue.uasset" 165
"../../../ShooterGame/Content/Sounds/Weapon_AssaultRifle/Mono/Weapon_AssaultRifle_Swap01.uasset" 166
"../../../ShooterGame/Content/Sounds/Weapon_AssaultRifle/Mono/Weapon_AssaultRifle_Swap02.uasset" 167
"../../../ShooterGame/Content/Sounds/Weapon_AssaultRifle/Mono/Weapon_AssaultRifle_Swap03.uasset" 168
"../../../ShooterGame/Content/Sounds/Weapon_AssaultRifle/Mono/AssaultRifle_Equip_Cue.uasset" 169
"../../../ShooterGame/Content/Animations/TTP_Animations/Equip.uasset" 170
"../../../ShooterGame/Content/Sounds/FoleyBodyMoves/Mono/FoleyBody_Land02.uasset" 171
"../../../ShooterGame/Content/Sounds/FoleyBodyMoves/Mono/FoleyBody_Land03.uasset" 172
"../../../ShooterGame/Content/Sounds/FoleyBodyMoves/Mono/FoleyBody_Land04.uasset" 173
"../../../ShooterGame/Content/Sounds/FoleyBodyMoves/Mono/FoleyBody_Land05.uasset" 174
"../../../ShooterGame/Content/Sounds/FoleyBodyMoves/Mono/FoleyBody_Land_Cue.uasset" 175
"../../../ShooterGame/Content/Animations/TTP_Animations/JumpEnd.uasset" 176
"../../../ShooterGame/Content/Animations/TTP_Animations/JumpLoop.uasset" 177
"../../../ShooterGame/Content/Animations/TTP_Animations/JumpStart.uasset" 178
"../../../ShooterGame/Content/Sounds/Footsteps/Mono/Footstep_Generic01.uasset" 179
"../../../ShooterGame/Content/Sounds/Footsteps/Mono/Footstep_Generic02.uasset" 180
"../../../ShooterGame/Content/Sounds/Footsteps/Mono/Footstep_Generic03.uasset" 181
"../../../ShooterGame/Content/Sounds/Footsteps/Mono/Footstep_Generic04.uasset" 182
"../../../ShooterGame/Content/Sounds/Footsteps/Mono/Footstep_Generic05.uasset" 183
"../../../ShooterGame/Content/Sounds/Footsteps/Mono/Footstep_Generic06.uasset" 184
"../../../ShooterGame/Content/Sounds/Footsteps/Mono/Footstep_Generic07.uasset" 185
"../../../ShooterGame/Content/Sounds/Footsteps/Mono/Footstep_Generic08.uasset" 186
"../../../ShooterGame/Content/Sounds/Footsteps/Mono/Footstep_Generic09.uasset" 187
"../../../ShooterGame/Content/Sounds/Footsteps/Mono/Footstep_Generic10.uasset" 188
"../../../ShooterGame/Content/Sounds/Footsteps/Mono/Footstep_Generic11.uasset" 189
"../../../ShooterGame/Content/Sounds/Footsteps/Mono/Footstep_Generic12.uasset" 190
"../../../ShooterGame/Content/Sounds/Footsteps/Mono/Footsteps_Generic_Cue.uasset" 191
"../../../ShooterGame/Content/Animations/TTP_Animations/RoadieRun_Fwd.uasset" 192
"../../../ShooterGame/Content/Animations/TTP_Animations/Idle.uasset" 193
"../../../ShooterGame/Content/Animations/TTP_Animations/AimOffsetDown.uasset" 194
"../../../ShooterGame/Content/Animations/TTP_Animations/AimOffsetFwd.uasset" 195
"../../../ShooterGame/Content/Animations/TTP_Animations/AimOffsetLeft.uasset" 196
"../../../ShooterGame/Content/Animations/TTP_Animations/AimOffsetLeftDown.uasset" 197
"../../../ShooterGame/Content/Animations/TTP_Animations/AimOffsetLeftUp.uasset" 198
"../../../ShooterGame/Content/Animations/TTP_Animations/AimOffsetRight.uasset" 199
"../../../ShooterGame/Content/Animations/TTP_Animations/AimOffsetRightDown.uasset" 200
"../../../ShooterGame/Content/Animations/TTP_Animations/AimOffsetRightUp.uasset" 201
"../../../ShooterGame/Content/Animations/TTP_Animations/AimOffsetUp.uasset" 202
"../../../ShooterGame/Content/Characters/HeroTPP/HeroTPP_AimOffsets.uasset" 203
"../../../ShooterGame/Content/Animations/TTP_Animations/Run_Bwd.uasset" 204
"../../../ShooterGame/Content/Animations/TTP_Animations/Run_Fwd.uasset" 205
"../../../ShooterGame/Content/Animations/TTP_Animations/Run_Lt.uasset" 206
"../../../ShooterGame/Content/Animations/TTP_Animations/Run_Rt.uasset" 207
"../../../ShooterGame/Content/Characters/HeroTPP/RunTPP.uasset" 208
"../../../ShooterGame/Content/Characters/HeroTPP/HeroTPP_AnimBlueprint.uasset" 209
"../../../ShooterGame/Content/Sounds/FoleyBodyMoves/Mono/FoleyBody_Fall01.uasset" 210
"../../../ShooterGame/Content/Sounds/FoleyBodyMoves/Mono/FoleyBody_Fall02.uasset" 211
"../../../ShooterGame/Content/Sounds/FoleyBodyMoves/Mono/FoleyBody_Fall03.uasset" 212
"../../../ShooterGame/Content/Sounds/FoleyBodyMoves/Mono/FoleyBody_Fall04.uasset" 213
"../../../ShooterGame/Content/Sounds/FoleyBodyMoves/Mono/FoleyBody_Fall_Cue.uasset" 214
"../../../ShooterGame/Content/Sounds/FoleyFlesh/Mono/FoleyFlesh_Gib01.uasset" 215
"../../../ShooterGame/Content/Sounds/FoleyFlesh/Mono/FoleyFlesh_Gib02.uasset" 216
"../../../ShooterGame/Content/Sounds/FoleyFlesh/Mono/FoleyFlesh_Gib03.uasset" 217
"../../../ShooterGame/Content/Sounds/FoleyFlesh/Mono/FoleyFlesh_Gib04.uasset" 218
"../../../ShooterGame/Content/Sounds/FoleyFlesh/Mono/FoleyFlesh_Gib05.uasset" 219
"../../../ShooterGame/Content/Sounds/FoleyFlesh/Mono/FoleyFlesh_Gib06.uasset" 220
"../../../ShooterGame/Content/Sounds/FoleyFlesh/Stereo/FoleyFlesh_Gib01_Stereo.uasset" 221
"../../../ShooterGame/Content/Sounds/FoleyFlesh/Stereo/FoleyFlesh_Gib02_Stereo.uasset" 222
"../../../ShooterGame/Content/Sounds/FoleyFlesh/Stereo/FoleyFlesh_Gib03_Stereo.uasset" 223
"../../../ShooterGame/Content/Sounds/FoleyFlesh/Stereo/FoleyFlesh_Gib04_Stereo.uasset" 224
"../../../ShooterGame/Content/Sounds/FoleyFlesh/Stereo/FoleyFlesh_Gib05_Stereo.uasset" 225
"../../../ShooterGame/Content/Sounds/FoleyFlesh/Stereo/FoleyFlesh_Gib06_Stereo.uasset" 226
"../../../ShooterGame/Content/Sounds/FoleyFlesh/Mono/FoleyFlesh_Gib_Cue.uasset" 227
"../../../ShooterGame/Content/Animations/TTP_Animations/Death.uasset" 228
"../../../ShooterGame/Content/Animations/Death.uasset" 229
"../../../ShooterGame/Content/Characters/HeroTPP/HeroTPP_Death.uasset" 230
"../../../ShooterGame/Content/Blueprints/Pawns/BotBlackboard.uasset" 231
"../../../ShooterGame/Content/Blueprints/Pawns/BotSearchEnemyLOS.uasset" 232
"../../../ShooterGame/Content/Blueprints/Pawns/BotShootEnemy.uasset" 233
"../../../ShooterGame/Content/Blueprints/TaskAlwaysTrue.uasset" 234
"../../../ShooterGame/Content/Blueprints/Pawns/BotBehavior.uasset" 235
"../../../ShooterGame/Content/Sounds/FoleyBodyMoves/Stereo/FoleyBody_HandSwipe01_Stereo.uasset" 236
"../../../ShooterGame/Content/Sounds/FoleyBodyMoves/Stereo/FoleyBody_HandSwipe02_Stereo.uasset" 237
"../../../ShooterGame/Content/Sounds/FoleyBodyMoves/Stereo/FoleyBody_HandSwipe03_Stereo.uasset" 238
"../../../ShooterGame/Content/Sounds/FoleyBodyMoves/Stereo/FoleyBody_HandSwipe04_Stereo.uasset" 239
"../../../ShooterGame/Content/Sounds/FoleyBodyMoves/Stereo/FoleyBody_HandSwipe_Stereo_Cue.uasset" 240
"../../../ShooterGame/Content/Sounds/Weapon_GrenadeLauncher/Stereo/Weapon_GrenadeLauncher_Swap01_Stereo.uasset" 241
"../../../ShooterGame/Content/Sounds/Weapon_GrenadeLauncher/Stereo/Weapon_GrenadeLauncher_Swap02_Stereo.uasset" 242
"../../../ShooterGame/Content/Sounds/Weapon_GrenadeLauncher/Stereo/Weapon_GrenadeLauncher_Swap03_Stereo.uasset" 243
"../../../ShooterGame/Content/Sounds/Weapon_GrenadeLauncher/Stereo/GrenadeLauncher_Equip_Stereo_Cue.uasset" 244
"../../../ShooterGame/Content/Animations/FPP_Animations/FPP_LauncherEquip.uasset" 245
"../../../ShooterGame/Content/Animations/FPP_Animations/HeroFPP_LauncherEquip_Montage.uasset" 246
"../../../ShooterGame/Content/Animations/FPP_Animations/FPP_LauncherAimFire.uasset" 247
"../../../ShooterGame/Content/Animations/FPP_Animations/FPP_LauncherFire.uasset" 248
"../../../ShooterGame/Content/Animations/FPP_Animations/HeroFPP_LauncherFire_Montage.uasset" 249
"../../../ShooterGame/Content/Sounds/Weapon_GrenadeLauncher/Stereo/Weapon_GrenadeLauncher_Reload01_Stereo.uasset" 250
"../../../ShooterGame/Content/Sounds/Weapon_GrenadeLauncher/Stereo/Weapon_GrenadeLauncher_Reload02_Stereo.uasset" 251
"../../../ShooterGame/Content/Sounds/Weapon_GrenadeLauncher/Stereo/Weapon_GrenadeLauncher_Reload03_Stereo.uasset" 252
"../../../ShooterGame/Content/Sounds/Weapon_GrenadeLauncher/Stereo/GenadeLauncher_Reload_Stereo_Cue.uasset" 253
"../../../ShooterGame/Content/Animations/FPP_Animations/FPP_LanucherReload.uasset" 254
"../../../ShooterGame/Content/Animations/FPP_Animations/HeroFPP_LauncherReload_Montage.uasset" 255
"../../../ShooterGame/Content/Animations/Equip.uasset" 256
"../../../ShooterGame/Content/Characters/HeroTPP/HeroTPP_Equip.uasset" 257
"../../../ShooterGame/Content/Animations/TTP_Animations/Launcher_Reload.uasset" 258
"../../../ShooterGame/Content/Characters/HeroTPP/HeroTTP_LauncherReload.uasset" 259
"../../../ShooterGame/Content/Effects/ForceFeedback/FFE_Damaged.uasset" 260
"../../../ShooterGame/Content/Effects/ForceFeedback/FFE_Killed.uasset" 261
"../../../ShooterGame/Content/UI/HUD/HUDMain.uasset" 262
"../../../ShooterGame/Content/Blueprints/DamageType/DmgType_Explosion.uasset" 263
"../../../ShooterGame/Content/Effects/Textures/Water/distortion_01.uasset" 264
"../../../ShooterGame/Content/Effects/Textures/Weapon/T_bullet_hole_2.uasset" 265
"../../../ShooterGame/Content/Effects/Materials/Weapon/M_Impact_Decal.uasset" 266
"../../../ShooterGame/Content/Effects/Textures/Energy/T_EFX_Energy_Arc_SubUV.uasset" 267
"../../../ShooterGame/Content/Effects/Materials/Energy/M_Electrical.uasset" 268
"../../../ShooterGame/Content/Effects/Textures/Energy/T_EFX_Energy_Loop_Free.uasset" 269
"../../../ShooterGame/Content/Effects/Materials/Energy/M_WP_ShockRifle_Ring.uasset" 270
"../../../ShooterGame/Content/Effects/Textures/fire/T_explo_SubUV.uasset" 271
"../../../ShooterGame/Content/Effects/Materials/Explosion/M_explosion_subUV.uasset" 272
"../../../ShooterGame/Content/Effects/Materials/Ramp/M_radial_ramp_soft.uasset" 273
"../../../ShooterGame/Content/Effects/ParticleSystems/Weapons/RocketLauncher/Impact/P_Launcher_IH.uasset" 274
"../../../ShooterGame/Content/Sounds/Weapon_GrenadeLauncher/Mono/GrenadeLauncher_Explosion01.uasset" 275
"../../../ShooterGame/Content/Sounds/Weapon_GrenadeLauncher/Mono/GrenadeLauncher_Explosion02.uasset" 276
"../../../ShooterGame/Content/Sounds/Weapon_GrenadeLauncher/Mono/GrenadeLauncher_Explosion03.uasset" 277
"../../../ShooterGame/Content/Sounds/Weapon_GrenadeLauncher/Mono/GrenadeLauncher_Explosion04.uasset" 278
"../../../ShooterGame/Content/Sounds/Weapon_GrenadeLauncher/Stereo/Weapon_GrenadeLauncher_Explosion01_Stereo.uasset" 279
"../../../ShooterGame/Content/Sounds/Weapon_GrenadeLauncher/Stereo/Weapon_GrenadeLauncher_Explosion02_Stereo.uasset" 280
"../../../ShooterGame/Content/Sounds/Weapon_GrenadeLauncher/Stereo/Weapon_GrenadeLauncher_Explosion03_Stereo.uasset" 281
"../../../ShooterGame/Content/Sounds/Weapon_GrenadeLauncher/Stereo/Weapon_GrenadeLauncher_Explosion04_Stereo.uasset" 282
"../../../ShooterGame/Content/Sounds/Weapon_GrenadeLauncher/Mono/GrenadeLauncher_Explosion_Cue.uasset" 283
"../../../ShooterGame/Content/Blueprints/Weapons/ProjRocket_Explosion.uasset" 284
"../../../ShooterGame/Content/Effects/Textures/Spark/T_SparkCore_2X2.uasset" 285
"../../../ShooterGame/Content/Effects/materials/spark/M_spark_subUV.uasset" 286
"../../../ShooterGame/Content/Effects/ParticleSystems/Weapons/RocketLauncher/Muzzle/P_Launcher_proj.uasset" 287
"../../../ShooterGame/Content/Sounds/Weapon_GrenadeLauncher/Mono/GrenadeLauncher_ProjectileLoop.uasset" 288
"../../../ShooterGame/Content/Sounds/Weapon_GrenadeLauncher/Stereo/GrenadeLauncher_ProjectileLoop_Stereo.uasset" 289
"../../../ShooterGame/Content/Sounds/Weapon_GrenadeLauncher/Mono/GrenadeLauncher_ProjectileLoop_Cue.uasset" 290
"../../../ShooterGame/Content/Blueprints/Weapons/ProjRocket.uasset" 291
"../../../ShooterGame/Content/Blueprints/Weapons/WeapLauncher_FireCameraShake.uasset" 292
"../../../ShooterGame/Content/Effects/ForceFeedback/FFE_Fire.uasset" 293
"../../../ShooterGame/Content/Effects/Textures/LensFlare/Flare_02.uasset" 294
"../../../ShooterGame/Content/Effects/Materials/LensFlare/M_LensFlare_02.uasset" 295
"../../../ShooterGame/Content/Effects/Textures/Noise/T_FX_RoilingFlameModulate.uasset" 296
"../../../ShooterGame/Content/Effects/Textures/Weapon/T_Coil.uasset" 297
"../../../ShooterGame/Content/Effects/Materials/Weapon/M_WP_LinkGun_MF_3_new.uasset" 298
"../../../ShooterGame/Content/Effects/ParticleSystems/Weapons/RocketLauncher/Muzzle/P_Launcher_MF.uasset" 299
"../../../ShooterGame/Content/Sounds/Weapon_AssaultRifle/Mono/Weapon_AssaultRifle_Empty01.uasset" 300
"../../../ShooterGame/Content/Sounds/Weapon_AssaultRifle/Mono/Weapon_AssaultRifle_Empty02.uasset" 301
"../../../ShooterGame/Content/Sounds/Weapon_AssaultRifle/Mono/Weapon_AssaultRifle_Empty03.uasset" 302
"../../../ShooterGame/Content/Sounds/Weapon_AssaultRifle/Stereo/Weapon_AssaultRifle_Empty01_Stereo.uasset" 303
"../../../ShooterGame/Content/Sounds/Weapon_AssaultRifle/Stereo/Weapon_AssaultRifle_Empty02_Stereo.uasset" 304
"../../../ShooterGame/Content/Sounds/Weapon_AssaultRifle/Stereo/Weapon_AssaultRifle_Empty03_Stereo.uasset" 305
"../../../ShooterGame/Content/Sounds/Weapon_AssaultRifle/Mono/AssaultRifle_Empty_Cue.uasset" 306
"../../../ShooterGame/Content/Sounds/Weapon_GrenadeLauncher/Mono/GrenadeLauncher_Shot01.uasset" 307
"../../../ShooterGame/Content/Sounds/Weapon_GrenadeLauncher/Mono/GrenadeLauncher_Shot02.uasset" 308
"../../../ShooterGame/Content/Sounds/Weapon_GrenadeLauncher/Mono/GrenadeLauncher_Shot03.uasset" 309
"../../../ShooterGame/Content/Sounds/Weapon_GrenadeLauncher/Mono/GrenadeLauncher_Shot04.uasset" 310
"../../../ShooterGame/Content/Sounds/Weapon_GrenadeLauncher/Stereo/GrenadeLauncher_Shot01_Stereo.uasset" 311
"../../../ShooterGame/Content/Sounds/Weapon_GrenadeLauncher/Stereo/GrenadeLauncher_Shot02_Stereo.uasset" 312
"../../../ShooterGame/Content/Sounds/Weapon_GrenadeLauncher/Stereo/GrenadeLauncher_Shot03_Stereo.uasset" 313
"../../../ShooterGame/Content/Sounds/Weapon_GrenadeLauncher/Stereo/GrenadeLauncher_Shot04_Stereo.uasset" 314
"../../../ShooterGame/Content/Sounds/Weapon_GrenadeLauncher/Mono/GrenadeLauncher_Shot_Cue.uasset" 315
"../../../ShooterGame/Content/Weapons/Textures/M32_MGL/T_M32_MGL_A.uasset" 316
"../../../ShooterGame/Content/Weapons/Textures/M32_MGL/T_M32_MGL_AO.uasset" 317
"../../../ShooterGame/Content/Weapons/Textures/M32_MGL/T_M32_MGL_G.uasset" 318
"../../../ShooterGame/Content/Weapons/Textures/M32_MGL/T_M32_MGL_N.uasset" 319
"../../../ShooterGame/Content/Weapons/Materials/M32_MGL/M_M32_MGL.uasset" 320
"../../../ShooterGame/Content/Weapons/Textures/M32_MGL/T_M32_MGL_grenade_A.uasset" 321
"../../../ShooterGame/Content/Weapons/Textures/M32_MGL/T_M32_MGL_grenade_G.uasset" 322
"../../../ShooterGame/Content/Weapons/Textures/M32_MGL/T_M32_MGL_grenade_M.uasset" 323
"../../../ShooterGame/Content/Weapons/Textures/M32_MGL/T_M32_MGL_grenade_N.uasset" 324
"../../../ShooterGame/Content/Weapons/Materials/M32_MGL/M_M32_MGL_Grenades.uasset" 325
"../../../ShooterGame/Content/Weapons/Textures/M32_MGL/T_M32_MGL_sight_A.uasset" 326
"../../../ShooterGame/Content/Weapons/Textures/M32_MGL/T_M32_MGL_sight_AO.uasset" 327
"../../../ShooterGame/Content/Weapons/Textures/M32_MGL/T_M32_MGL_sight_G.uasset" 328
"../../../ShooterGame/Content/Weapons/Textures/M32_MGL/T_M32_MGL_sight_N.uasset" 329
"../../../ShooterGame/Content/Weapons/Textures/M32_MGL/T_M32_MGL_sight_S.uasset" 330
"../../../ShooterGame/Content/Weapons/Materials/M32_MGL/M_M32_MGL_Sight.uasset" 331
"../../../ShooterGame/Content/Weapons/Physics/M32_MGL_PhysicsAsset.uasset" 332
"../../../ShooterGame/Content/Weapons/Textures/Launcher/Launcher_01_N.uasset" 333
"../../../ShooterGame/Content/Weapons/Textures/Launcher/LauncherT1_section.uasset" 334
"../../../ShooterGame/Content/Weapons/Textures/Launcher/LauncherT1_shade.uasset" 335
"../../../ShooterGame/Content/Weapons/Materials/Launcher/Launcher_MatA.uasset" 336
"../../../ShooterGame/Content/Weapons/Materials/Launcher/Launcher_MatA_Inst.uasset" 337
"../../../ShooterGame/Content/Weapons/Materials/Launcher_MatA_Inst.uasset" 338
"../../../ShooterGame/Content/Weapons/Textures/Launcher/Launcher_02_N.uasset" 339
"../../../ShooterGame/Content/Weapons/Textures/Launcher/LauncherT2_section.uasset" 340
"../../../ShooterGame/Content/Weapons/Textures/Launcher/LauncherT2_shade.uasset" 341
"../../../ShooterGame/Content/Weapons/Materials/Launcher/Launcher_MatB.uasset" 342
"../../../ShooterGame/Content/Weapons/Materials/Launcher/Launcher_MatB_Inst.uasset" 343
"../../../ShooterGame/Content/Weapons/Materials/Launcher_MatB_Inst.uasset" 344
"../../../ShooterGame/Content/Weapons/Meshes/Launcher.uasset" 345
"../../../ShooterGame/Content/Weapons/Skeletons/Launcher_Skeleton.uasset" 346
"../../../ShooterGame/Content/Weapons/Meshes/M32_MGL.uasset" 347
"../../../ShooterGame/Content/Blueprints/Weapons/WeapM32.uasset" 348
"../../../ShooterGame/Content/Sounds/Weapon_AssaultRifle/Stereo/Weapon_AssaultRifle_Swap01_Stereo.uasset" 349
"../../../ShooterGame/Content/Sounds/Weapon_AssaultRifle/Stereo/Weapon_AssaultRifle_Swap02_Stereo.uasset" 350
"../../../ShooterGame/Content/Sounds/Weapon_AssaultRifle/Stereo/Weapon_AssaultRifle_Swap03_Stereo.uasset" 351
"../../../ShooterGame/Content/Sounds/Weapon_AssaultRifle/Stereo/AssaultRifle_Equip_Stereo_Cue.uasset" 352
"../../../ShooterGame/Content/Animations/FPP_Animations/FPP_RifleEquip.uasset" 353
"../../../ShooterGame/Content/Animations/FPP_Animations/HeroFPP_RifleEquip_Montage.uasset" 354
"../../../ShooterGame/Content/Sounds/Weapon_AssaultRifle/Stereo/Weapon_AssaultRifle_Reload01_Stereo.uasset" 355
"../../../ShooterGame/Content/Sounds/Weapon_AssaultRifle/Stereo/Weapon_AssaultRifle_Reload02_Stereo.uasset" 356
"../../../ShooterGame/Content/Sounds/Weapon_AssaultRifle/Stereo/Weapon_AssaultRifle_Reload03_Stereo.uasset" 357
"../../../ShooterGame/Content/Sounds/Weapon_AssaultRifle/Stereo/AssaultRifle_Reload_Stereo_Cue.uasset" 358
"../../../ShooterGame/Content/Animations/FPP_Animations/FPP_RifleReload.uasset" 359
"../../../ShooterGame/Content/Animations/FPP_Animations/HeroFPP_RifleReload_Montage.uasset" 360
"../../../ShooterGame/Content/Animations/FPP_Animations/FPP_RifleAimFire.uasset" 361
"../../../ShooterGame/Content/Animations/FPP_Animations/FPP_RifleFire.uasset" 362
"../../../ShooterGame/Content/Animations/FPP_Animations/HerroFPP_RifleFire_Montage.uasset" 363
"../../../ShooterGame/Content/Sounds/FoleyBodyMoves/Mono/FoleyBody_HandSwipe01.uasset" 364
"../../../ShooterGame/Content/Sounds/FoleyBodyMoves/Mono/FoleyBody_HandSwipe02.uasset" 365
"../../../ShooterGame/Content/Sounds/FoleyBodyMoves/Mono/FoleyBody_HandSwipe03.uasset" 366
"../../../ShooterGame/Content/Sounds/FoleyBodyMoves/Mono/FoleyBody_HandSwipe04.uasset" 367
"../../../ShooterGame/Content/Sounds/FoleyBodyMoves/Mono/FoleyBody_HandSwipe_Cue.uasset" 368
"../../../ShooterGame/Content/Sounds/Weapon_AssaultRifle/Mono/Weapon_AssaultRifle_Reload01.uasset" 369
"../../../ShooterGame/Content/Sounds/Weapon_AssaultRifle/Mono/Weapon_AssaultRifle_Reload02.uasset" 370
"../../../ShooterGame/Content/Sounds/Weapon_AssaultRifle/Mono/Weapon_AssaultRifle_Reload03.uasset" 371
"../../../ShooterGame/Content/Sounds/Weapon_AssaultRifle/Mono/AssaultRifle_Reload_Cue.uasset" 372
"../../../ShooterGame/Content/Animations/TTP_Animations/Reload.uasset" 373
"../../../ShooterGame/Content/Animations/Reload.uasset" 374
"../../../ShooterGame/Content/Characters/HeroTPP/HeroTTP_RifleReload.uasset" 375
"../../../ShooterGame/Content/Blueprints/DamageType/DmgType_Instant.uasset" 376
"../../../ShooterGame/Content/Blueprints/Weapons/WeapGun_FireCameraShake.uasset" 377
"../../../ShooterGame/Content/Effects/Textures/T_blood_various.uasset" 378
"../../../ShooterGame/Content/Effects/Textures/T_blood_various_N.uasset" 379
"../../../ShooterGame/Content/Effects/Materials/Gameplay/M_impact_splash_subUV.uasset" 380
"../../../ShooterGame/Content/Effects/ParticleSystems/Gameplay/Player/P_body_bullet_impact.uasset" 381
"../../../ShooterGame/Content/Effects/Textures/Water/T_Steam_02_Packed.uasset" 382
"../../../ShooterGame/Content/Effects/Materials/Smoke/M_MuzzleSmokeDetail_GPU.uasset" 383
"../../../ShooterGame/Content/Effects/ParticleSystems/Weapons/AssaultRifle/Impacts/P_AssaultRifle_IH.uasset" 384
"../../../ShooterGame/Content/Sounds/FoleyFlesh/Mono/FoleyFlesh_Impact02.uasset" 385
"../../../ShooterGame/Content/Sounds/FoleyFlesh/Mono/FoleyFlesh_Impact03.uasset" 386
"../../../ShooterGame/Content/Sounds/FoleyFlesh/Mono/FoleyFlesh_Impact04.uasset" 387
"../../../ShooterGame/Content/Sounds/FoleyFlesh/Mono/FoleyFlesh_Impact05.uasset" 388
"../../../ShooterGame/Content/Sounds/FoleyFlesh/Mono/FoleyFlesh_Impact06.uasset" 389
"../../../ShooterGame/Content/Sounds/FoleyFlesh/Mono/FoleyFlesh_Impact07.uasset" 390
"../../../ShooterGame/Content/Sounds/FoleyFlesh/Mono/FoleyFlesh_Impact08.uasset" 391
"../../../ShooterGame/Content/Sounds/FoleyFlesh/Stereo/FoleyFlesh_Impact01_Stereo.uasset" 392
"../../../ShooterGame/Content/Sounds/FoleyFlesh/Stereo/FoleyFlesh_Impact02_Stereo.uasset" 393
"../../../ShooterGame/Content/Sounds/FoleyFlesh/Stereo/FoleyFlesh_Impact03_Stereo.uasset" 394
"../../../ShooterGame/Content/Sounds/FoleyFlesh/Stereo/FoleyFlesh_Impact04_Stereo.uasset" 395
"../../../ShooterGame/Content/Sounds/FoleyFlesh/Stereo/FoleyFlesh_Impact05_Stereo.uasset" 396
"../../../ShooterGame/Content/Sounds/FoleyFlesh/Stereo/FoleyFlesh_Impact06_Stereo.uasset" 397
"../../../ShooterGame/Content/Sounds/FoleyFlesh/Stereo/FoleyFlesh_Impact07_Stereo.uasset" 398
"../../../ShooterGame/Content/Sounds/FoleyFlesh/Stereo/FoleyFlesh_Impact08_Stereo.uasset" 399
"../../../ShooterGame/Content/Sounds/FoleyFlesh/Mono/FoleyFlesh_Impact_Cue.uasset" 400
"../../../ShooterGame/Content/Sounds/Weapon_AssaultRifle/Mono/Weapon_AssaultRifle_ImpactConcrete01.uasset" 401
"../../../ShooterGame/Content/Sounds/Weapon_AssaultRifle/Mono/Weapon_AssaultRifle_ImpactConcrete02.uasset" 402
"../../../ShooterGame/Content/Sounds/Weapon_AssaultRifle/Mono/Weapon_AssaultRifle_ImpactConcrete03.uasset" 403
"../../../ShooterGame/Content/Sounds/Weapon_AssaultRifle/Mono/Weapon_AssaultRifle_ImpactConcrete04.uasset" 404
"../../../ShooterGame/Content/Sounds/Weapon_AssaultRifle/Mono/Weapon_AssaultRifle_ImpactConcrete05.uasset" 405
"../../../ShooterGame/Content/Sounds/Weapon_AssaultRifle/Mono/Weapon_AssaultRifle_ImpactConcrete06.uasset" 406
"../../../ShooterGame/Content/Sounds/Weapon_AssaultRifle/Mono/AssaultRifle_ImpactConcrete_Cue.uasset" 407
"../../../ShooterGame/Content/Blueprints/Weapons/WeapGun_Impacts.uasset" 408
"../../../ShooterGame/Content/Effects/Textures/Ramp/T_FX_CameraDistort.uasset" 409
"../../../ShooterGame/Content/Effects/Textures/Ramp/T_FX_ColorDistort.uasset" 410
"../../../ShooterGame/Content/Effects/Textures/Water/T_Caustics_2.uasset" 411
"../../../ShooterGame/Content/Effects/Materials/Weapon/M_WP_Linkgun_Connection.uasset" 412
"../../../ShooterGame/Content/Effects/Textures/Energy/T_EFX_Beam_Electricity_02.uasset" 413
"../../../ShooterGame/Content/Effects/Materials/Weapon/M_WP_ShockRifle_Panning_Beam.uasset" 414
"../../../ShooterGame/Content/Effects/ParticleSystems/Weapons/AssaultRifle/Muzzle/P_AssaultRifle_Trail.uasset" 415
"../../../ShooterGame/Content/Sounds/Weapon_AssaultRifle/Mono/AssaultRifle_Shot01.uasset" 416
"../../../ShooterGame/Content/Sounds/Weapon_AssaultRifle/Mono/AssaultRifle_Shot02.uasset" 417
"../../../ShooterGame/Content/Sounds/Weapon_AssaultRifle/Mono/AssaultRifle_Shot03.uasset" 418
"../../../ShooterGame/Content/Sounds/Weapon_AssaultRifle/Mono/AssaultRifle_Shot04.uasset" 419
"../../../ShooterGame/Content/Sounds/Weapon_AssaultRifle/Mono/AssaultRifle_Shot05.uasset" 420
"../../../ShooterGame/Content/Sounds/Weapon_AssaultRifle/Mono/AssaultRifle_Shot06.uasset" 421
"../../../ShooterGame/Content/Sounds/Weapon_AssaultRifle/Stereo/AssaultRifle_Shot01_Stereo.uasset" 422
"../../../ShooterGame/Content/Sounds/Weapon_AssaultRifle/Stereo/AssaultRifle_Shot02_Stereo.uasset" 423
"../../../ShooterGame/Content/Sounds/Weapon_AssaultRifle/Stereo/AssaultRifle_Shot03_Stereo.uasset" 424
"../../../ShooterGame/Content/Sounds/Weapon_AssaultRifle/Stereo/AssaultRifle_Shot04_Stereo.uasset" 425
"../../../ShooterGame/Content/Sounds/Weapon_AssaultRifle/Stereo/AssaultRifle_Shot05_Stereo.uasset" 426
"../../../ShooterGame/Content/Sounds/Weapon_AssaultRifle/Stereo/AssaultRifle_Shot06_Stereo.uasset" 427
"../../../ShooterGame/Content/Sounds/Weapon_AssaultRifle/Mono/AssaultRifle_Cue.uasset" 428
"../../../ShooterGame/Content/Sounds/Weapon_AssaultRifle/Mono/AssaultRifle_ShotEnd01.uasset" 429
"../../../ShooterGame/Content/Sounds/Weapon_AssaultRifle/Mono/AssaultRifle_ShotEnd02.uasset" 430
"../../../ShooterGame/Content/Sounds/Weapon_AssaultRifle/Mono/AssaultRifle_ShotEnd03.uasset" 431
"../../../ShooterGame/Content/Sounds/Weapon_AssaultRifle/Mono/AssaultRifle_ShotEnd04.uasset" 432
"../../../ShooterGame/Content/Sounds/Weapon_AssaultRifle/Mono/AssaultRifle_ShotEnd05.uasset" 433
"../../../ShooterGame/Content/Sounds/Weapon_AssaultRifle/Mono/AssaultRifle_ShotEnd06.uasset" 434
"../../../ShooterGame/Content/Sounds/Weapon_AssaultRifle/Stereo/AssaultRifle_ShotEnd01_Stereo.uasset" 435
"../../../ShooterGame/Content/Sounds/Weapon_AssaultRifle/Stereo/AssaultRifle_ShotEnd02_Stereo.uasset" 436
"../../../ShooterGame/Content/Sounds/Weapon_AssaultRifle/Stereo/AssaultRifle_ShotEnd03_Stereo.uasset" 437
"../../../ShooterGame/Content/Sounds/Weapon_AssaultRifle/Stereo/AssaultRifle_ShotEnd04_Stereo.uasset" 438
"../../../ShooterGame/Content/Sounds/Weapon_AssaultRifle/Stereo/AssaultRifle_ShotEnd05_Stereo.uasset" 439
"../../../ShooterGame/Content/Sounds/Weapon_AssaultRifle/Stereo/AssaultRifle_ShotEnd06_Stereo.uasset" 440
"../../../ShooterGame/Content/Sounds/Weapon_AssaultRifle/Mono/AssaultRifle_ShotEnd_Cue.uasset" 441
"../../../ShooterGame/Content/Sounds/Weapon_AssaultRifle/Mono/AssaultRifle_ShotLoop01.uasset" 442
"../../../ShooterGame/Content/Sounds/Weapon_AssaultRifle/Mono/AssaultRifle_ShotLoop02.uasset" 443
"../../../ShooterGame/Content/Sounds/Weapon_AssaultRifle/Mono/AssaultRifle_ShotLoop03.uasset" 444
"../../../ShooterGame/Content/Sounds/Weapon_AssaultRifle/Stereo/AssaultRifle_ShotLoop01_Stereo.uasset" 445
"../../../ShooterGame/Content/Sounds/Weapon_AssaultRifle/Stereo/AssaultRifle_ShotLoop02_Stereo.uasset" 446
"../../../ShooterGame/Content/Sounds/Weapon_AssaultRifle/Stereo/AssaultRifle_ShotLoop03_Stereo.uasset" 447
"../../../ShooterGame/Content/Sounds/Weapon_AssaultRifle/Mono/AssaultRifle_ShotLoop_Cue.uasset" 448
"../../../ShooterGame/Content/Blueprints/Weapons/WeapM4A1Bot.uasset" 449
"../../../ShooterGame/Content/Characters/MaleSoldierFPP/MaleSoldierFPP.uasset" 450
"../../../ShooterGame/Content/Sounds/FoleyBodyMoves/Mono/FoleyBody_Aim_Cue.uasset" 451
"../../../ShooterGame/Content/Sounds/FoleyBodyMoves/Mono/Run01_Loop.uasset" 452
"../../../ShooterGame/Content/Sounds/FoleyBodyMoves/Mono/Run02_Loop.uasset" 453
"../../../ShooterGame/Content/Sounds/FoleyBodyMoves/Mono/Run03_Loop.uasset" 454
"../../../ShooterGame/Content/Sounds/FoleyBodyMoves/Mono/Run04_Loop.uasset" 455
"../../../ShooterGame/Content/Sounds/FoleyBodyMoves/Mono/Run05_Loop.uasset" 456
"../../../ShooterGame/Content/Sounds/FoleyBodyMoves/Mono/Run_Loop_Cue.uasset" 457
"../../../ShooterGame/Content/Sounds/FoleyBodyMoves/Mono/RunStop01.uasset" 458
"../../../ShooterGame/Content/Sounds/FoleyBodyMoves/Mono/RunStop02.uasset" 459
"../../../ShooterGame/Content/Sounds/FoleyBodyMoves/Mono/RunStop03.uasset" 460
"../../../ShooterGame/Content/Sounds/FoleyBodyMoves/Mono/RunStop_Cue.uasset" 461
"../../../ShooterGame/Content/Sounds/InterfaceAudio/Stereo/UI_Low_Health_Custom_Loop_Stereo.uasset" 462
"../../../ShooterGame/Content/Sounds/Stingers/Mono/Stinger_PlayerDeath01.uasset" 463
"../../../ShooterGame/Content/Sounds/InterfaceAudio/Stereo/UI_LowHealth_Loop_Stereo_Cue.uasset" 464
"../../../ShooterGame/Content/Sounds/Stingers/Stereo/Stringer_Player_Deat_Custom_Stereo.uasset" 465
"../../../ShooterGame/Content/Sounds/Stingers/Stereo/Stinger_PlayerDeath_Stereo_Cue.uasset" 466
"../../../ShooterGame/Content/Blueprints/Pawns/BotPawn.uasset" 467
"../../../Engine/Content/EditorBlueprintResources/ActorMacros.uasset" 468
"../../../Engine/Content/EngineSky/C_Sky_Cloud_Color.uasset" 469
"../../../Engine/Content/EngineSky/C_Sky_Horizon_Color.uasset" 470
"../../../Engine/Content/EngineSky/C_Sky_Zenith_Color.uasset" 471
"../../../Engine/Content/EngineSky/T_Sky_Blue.uasset" 472
"../../../Engine/Content/EngineSky/T_Sky_Clouds_M.uasset" 473
"../../../Engine/Content/EngineSky/T_Sky_Stars.uasset" 474
"../../../Engine/Content/EngineSky/SM_SkySphere.uasset" 475
"../../../Engine/Content/EngineSky/M_Sky_Panning_Clouds2.uasset" 476
"../../../Engine/Content/EngineSky/BP_Sky_Sphere.uasset" 477
"../../../ShooterGame/Content/Blueprints/Weapons/WeapGun.uasset" 478
"../../../ShooterGame/Content/Effects/Materials/Gameplay/Pickups/M_PickUp_Master.uasset" 479
"../../../ShooterGame/Content/Effects/Meshes/Gameplay/Pickups/Ammo.uasset" 480
"../../../ShooterGame/Content/Effects/Meshes/General/S_Sphere.uasset" 481
"../../../ShooterGame/Content/Effects/ParticleSystems/Gameplay/Pick-ups/P_AssaultRifle_AMmo.uasset" 482
"../../../ShooterGame/Content/Sounds/Weapon_AssaultRifle/Mono/Weapon_AssaultRifle_AmmoPickup01.uasset" 483
"../../../ShooterGame/Content/Sounds/Weapon_AssaultRifle/Mono/Weapon_AssaultRifle_AmmoPickup02.uasset" 484
"../../../ShooterGame/Content/Sounds/Weapon_AssaultRifle/Mono/Weapon_AssaultRifle_AmmoPickup03.uasset" 485
"../../../ShooterGame/Content/Sounds/Weapon_AssaultRifle/Stereo/Weapon_AssaultRifle_AmmoPickup01_Stereo.uasset" 486
"../../../ShooterGame/Content/Sounds/Weapon_AssaultRifle/Stereo/Weapon_AssaultRifle_AmmoPickup02_Stereo.uasset" 487
"../../../ShooterGame/Content/Sounds/Weapon_AssaultRifle/Stereo/Weapon_AssaultRifle_AmmoPickup03_Stereo.uasset" 488
"../../../ShooterGame/Content/Sounds/Weapon_AssaultRifle/Mono/AssaultRifle_AmmoPickup_Cue.uasset" 489
"../../../ShooterGame/Content/Blueprints/Pickups/Pickup_AmmoGun.uasset" 490
"../../../ShooterGame/Content/Blueprints/Weapons/WeapLauncher.uasset" 491
"../../../ShooterGame/Content/Effects/Meshes/Gameplay/Pickups/Launcher.uasset" 492
"../../../ShooterGame/Content/Effects/ParticleSystems/Gameplay/Pick-ups/P_Launcher_Ammo.uasset" 493
"../../../ShooterGame/Content/Blueprints/Pickups/Pickup_AmmoLauncher.uasset" 494
"../../../ShooterGame/Content/Effects/Meshes/Gameplay/Pickups/SM_Health.uasset" 495
"../../../ShooterGame/Content/Effects/ParticleSystems/Gameplay/Pick-ups/P_Health.uasset" 496
"../../../ShooterGame/Content/Sounds/Stingers/Mono/StingerPickup_Health01.uasset" 497
"../../../ShooterGame/Content/Sounds/Stingers/Mono/StingerPickup_Health02.uasset" 498
"../../../ShooterGame/Content/Sounds/Stingers/Stereo/StingerPickup_Health01_Stereo.uasset" 499
"../../../ShooterGame/Content/Sounds/Stingers/Stereo/StingerPickup_Health02_Stereo.uasset" 500
"../../../ShooterGame/Content/Sounds/Stingers/Mono/StingerPickup_Health_Cue.uasset" 501
"../../../ShooterGame/Content/Blueprints/Pickups/Pickup_Health.uasset" 502
"../../../ShooterGame/Content/Effects/ParticleSystems/Gameplay/Pick-ups/P_Hunger.uasset" 503
"../../../ShooterGame/Content/Blueprints/Pickups/Pickup_Hunger.uasset" 504
"../../../ShooterGame/Content/Building/_____.uasset" 505
"../../../ShooterGame/Content/Building/__________.uasset" 506
"../../../ShooterGame/Content/Building/Street_Light.uasset" 507
"../../../ShooterGame/Content/Blueprints/Street_Light.uasset" 508
"../../../ShooterGame/Content/Landscapes/Materials/Automated_LayerInfo.uasset" 509
"../../../ShooterGame/Content/Landscapes/Materials/Soil_LayerInfo.uasset" 510
"../../../ShooterGame/Content/Landscapes/Materials/MF_HeightBlend.uasset" 511
"../../../ShooterGame/Content/Landscapes/Materials/MF_SlopeBlend.uasset" 512
"../../../ShooterGame/Content/Landscapes/Textures/T_Ground_Beach_Sand_D.uasset" 513
"../../../ShooterGame/Content/Landscapes/Textures/T_Ground_Beach_Sand_N.uasset" 514
"../../../ShooterGame/Content/Landscapes/Textures/T_Ground_Cliff_N.uasset" 515
"../../../ShooterGame/Content/Landscapes/Textures/T_GroundGrass_D.uasset" 516
"../../../ShooterGame/Content/Landscapes/Materials/M_Landscape_Island.uasset" 517
"../../../ShooterGame/Content/Waterplane/Textures/T_MediumWaves_N.uasset" 518
"../../../ShooterGame/Content/Waterplane/Textures/T_SmallWaves_N.uasset" 519
"../../../ShooterGame/Content/Waterplane/Materials/M_Translucent_Water.uasset" 520
"../../../ShooterGame/Content/StarterContent/Textures/T_Brick_Cut_Stone_D.uasset" 521
"../../../ShooterGame/Content/StarterContent/Textures/T_Brick_Cut_Stone_N.uasset" 522
"../../../ShooterGame/Content/StarterContent/Textures/T_MacroVariation.uasset" 523
"../../../ShooterGame/Content/StarterContent/Textures/T_Perlin_Noise_M.uasset" 524
"../../../ShooterGame/Content/StarterContent/Materials/M_Brick_Cut_Stone.uasset" 525
"../../../ShooterGame/Content/Environment/Trees/River_Rock_01/MI_River_Rock_01.uasset" 526
"../../../ShooterGame/Content/StarterContent/Textures/T_Wood_Oak_D.uasset" 527
"../../../ShooterGame/Content/StarterContent/Textures/T_Wood_Oak_N.uasset" 528
"../../../ShooterGame/Content/StarterContent/Materials/M_Wood_Oak.uasset" 529
"../../../ShooterGame/Content/Building/COUNTRY_HOUSE.uasset" 530
"../../../ShooterGame/Content/Environment/PhysicalMaterials/M_Concrete.uasset" 531
"../../../Engine/Content/ArtTools/RenderToTexture/MaterialFunctions/FlipbookWind.uasset" 532
"../../../ShooterGame/Content/Environment/Trees/Others/Textures/Grass_Flower/tex_grass_diff.uasset" 533
"../../../ShooterGame/Content/Environment/Trees/Others/Material/Master_Material/M_grass_basic.uasset" 534
"../../../ShooterGame/Content/Environment/Trees/Others/Meshes/Grass/SM_grass1.uasset" 535
"../../../ShooterGame/Content/Environment/Trees/Others/Meshes/Grass/SM_grass2.uasset" 536
"../../../ShooterGame/Content/Environment/Trees/Others/Meshes/Grass/SM_grass3.uasset" 537
"../../../ShooterGame/Content/Environment/Trees/Others/Meshes/Grass/SM_grass4.uasset" 538
"../../../ShooterGame/Content/Environment/Trees/Others/Meshes/Grass/SM_grass5.uasset" 539
"../../../ShooterGame/Content/Environment/Trees/Others/Meshes/Grass/SM_grass6.uasset" 540
"../../../ShooterGame/Content/Environment/Trees/Others/Meshes/Grass/SM_grass_patch1.uasset" 541
"../../../ShooterGame/Content/Environment/Trees/Others/Meshes/Grass/SM_grass_patch2.uasset" 542
"../../../ShooterGame/Content/Environment/Trees/Others/Meshes/Grass/SM_grass_patch3.uasset" 543
"../../../ShooterGame/Content/Environment/Trees/Others/Meshes/Grass/SM_grass_patch4.uasset" 544
"../../../ShooterGame/Content/Environment/Trees/Others/Meshes/Grass/SM_grass_patch5.uasset" 545
"../../../ShooterGame/Content/Environment/Trees/Others/Meshes/Grass/SM_grass_patch6.uasset" 546
"../../../ShooterGame/Content/Environment/Trees/River_Rock_01/SM_River_Rock_01.uasset" 547
"../../../ShooterGame/Content/StarterContent/Textures/T_Wood_Walnut_D.uasset" 548
"../../../ShooterGame/Content/StarterContent/Textures/T_Wood_Walnut_N.uasset" 549
"../../../ShooterGame/Content/StarterContent/Materials/M_Wood_Walnut.uasset" 550
"../../../ShooterGame/Content/Environment/Trees/Tree_Stump_01/Tree_Stump_02.uasset" 551
"../../../ShooterGame/Content/Speedtree/BroadleafBark_Normal_Tex.uasset" 552
"../../../ShooterGame/Content/Speedtree/BroadleafBark_Tex.uasset" 553
"../../../ShooterGame/Content/Speedtree/Broadleaf_Desktop_Branches_2_Mat.uasset" 554
"../../../ShooterGame/Content/Speedtree/Broadleaf_Desktop_Branches_Mat.uasset" 555
"../../../Engine/Content/Functions/Engine_MaterialFunctions01/SpeedTree/SpeedTreeColorVariation.uasset" 556
"../../../ShooterGame/Content/Speedtree/Broadleaf_Desktop_Atlas.uasset" 557
"../../../ShooterGame/Content/Speedtree/Broadleaf_Desktop_Atlas_Normal.uasset" 558
"../../../ShooterGame/Content/Speedtree/Broadleaf_Desktop_FacingLeaves_Mat.uasset" 559
"../../../ShooterGame/Content/Speedtree/Broadleaf_Desktop_Fronds_Mat.uasset" 560
"../../../ShooterGame/Content/Speedtree/Broadleaf_Desktop_Leaves_Mat.uasset" 561
"../../../ShooterGame/Content/Speedtree/Broadleaf_Desktop.uasset" 562
"../../../ShooterGame/Content/Speedtree/PalmBark_Detail_Tex.uasset" 563
"../../../ShooterGame/Content/Speedtree/PalmBark_Normal_Tex.uasset" 564
"../../../ShooterGame/Content/Speedtree/PalmBark_Tex.uasset" 565
"../../../ShooterGame/Content/Speedtree/Palm_Desktop_Branches_2_Mat.uasset" 566
"../../../ShooterGame/Content/Speedtree/Palm_Desktop_Branches_Mat.uasset" 567
"../../../ShooterGame/Content/Speedtree/Palm_Desktop_Atlas_Normal_Tex.uasset" 568
"../../../ShooterGame/Content/Speedtree/Palm_Desktop_Atlas_Tex.uasset" 569
"../../../ShooterGame/Content/Speedtree/Palm_Desktop_Fronds_Mat.uasset" 570
"../../../ShooterGame/Content/Speedtree/Palm_Desktop_Leaves_Mat.uasset" 571
"../../../ShooterGame/Content/Speedtree/Palm_Desktop.uasset" 572
"../../../ShooterGame/Content/StarterContent/Materials/M_Basic_Wall.uasset" 573
"../../../ShooterGame/Content/Waterplane/Mesh/waterPlane.uasset" 574
"../../../ShooterGame/Content/FMOD/Events/ambient/ambient_island.uasset" 575
"../../../ShooterGame/Content/Maps/Island.umap" 576
"../../../Engine/Content/EngineFonts/Roboto.uasset" 577
"../../../Engine/Content/Functions/Engine_MaterialFunctions01/Shading/PowerToRoughness.uasset" 578
"../../../Engine/Content/EngineMaterials/DefaultDiffuse.uasset" 579
"../../../Engine/Content/EngineMaterials/DefaultDeferredDecalMaterial.uasset" 580
"../../../Engine/Content/EngineMaterials/DefaultLightFunctionMaterial.uasset" 581
"../../../Engine/Content/Functions/Engine_MaterialFunctions02/Utility/BreakOutFloat2Components.uasset" 582
"../../../Engine/Content/EngineMaterials/DefaultPostProcessMaterial.uasset" 583
"../../../Engine/Content/EngineResources/DefaultTexture.uasset" 584
"../../../Engine/Content/Functions/Engine_MaterialFunctions02/Texturing/ScreenAlignedUVs.uasset" 585
"../../../Engine/Content/EngineResources/WhiteSquareTexture.uasset" 586
"../../../Engine/Content/EngineMaterials/Widget3DPassThrough.uasset" 587
"../../../Engine/Content/EngineMaterials/Widget3DPassThrough_Translucent.uasset" 588
"../../../Engine/Content/EngineMaterials/Widget3DPassThrough_Translucent_OneSided.uasset" 589
"../../../Engine/Content/EngineMaterials/Widget3DPassThrough_Opaque.uasset" 590
"../../../Engine/Content/EngineMaterials/Widget3DPassThrough_Opaque_OneSided.uasset" 591
"../../../Engine/Content/EngineMaterials/Widget3DPassThrough_Masked.uasset" 592
"../../../Engine/Content/EngineMaterials/Widget3DPassThrough_Masked_OneSided.uasset" 593
"../../../Engine/Content/EditorResources/S_Actor.uasset" 594
"../../../Engine/Content/Maps/Templates/Thumbnails/Default.uasset" 595
"../../../Engine/Content/EditorMaterials/ParticleSystems/PSysThumbnail_NoImage.uasset" 596
"../../../Engine/Content/EditorMaterials/ParticleSystems/PSysThumbnail_OOD.uasset" 597
"../../../Engine/Content/EditorLandscapeResources/DataLayer.uasset" 598
"../../../Engine/Content/EngineDamageTypes/DmgTypeBP_Environmental.uasset" 599
"../../../Engine/Content/EngineMeshes/Sphere.uasset" 600
"../../../Engine/Content/EngineFonts/RobotoDistanceField.uasset" 601
"../../../Engine/Content/EngineMaterials/DefaultTextMaterialOpaque.uasset" 602
"../../../Engine/Content/EditorResources/S_Trigger.uasset" 603
"../../../Engine/Content/EngineResources/GradientTexture0.uasset" 604
"../../../Engine/Content/EngineResources/Black.uasset" 605
"../../../Engine/Content/EditorMaterials/MatineeGroups/MAT_Groups_Float.uasset" 606
"../../../Engine/Content/EditorMaterials/MatineeGroups/MAT_Groups_Director.uasset" 607
"../../../Engine/Content/EditorMaterials/MatineeGroups/MAT_Groups_Event.uasset" 608
"../../../Engine/Content/EditorMaterials/MatineeGroups/MAT_Groups_Anim.uasset" 609
"../../../Engine/Content/EditorMaterials/MatineeGroups/MAT_Groups_Fade.uasset" 610
"../../../Engine/Content/EditorMaterials/MatineeGroups/MAT_Groups_Move.uasset" 611
"../../../Engine/Content/EditorMaterials/MatineeGroups/MAT_Groups_Slomo.uasset" 612
"../../../Engine/Content/EditorMaterials/MatineeGroups/MAT_ColorTrack.uasset" 613
"../../../Engine/Content/EditorMaterials/MAT_Groups_Toggle.uasset" 614
"../../../Engine/Content/EditorMaterials/MatineeGroups/MAT_Groups_AudioMaster.uasset" 615
"../../../Engine/Content/EditorMaterials/MatineeGroups/MAT_Groups_Sound.uasset" 616
"../../../Engine/Content/EditorMaterials/MatineeGroups/MAT_Groups_Vector.uasset" 617
"../../../Engine/Content/EditorMaterials/MAT_Groups_Visibility.uasset" 618
"../../../Engine/Content/EngineResources/DefaultTextureCube.uasset" 619
"../../../Engine/Content/EngineMaterials/DefaultMaterial.uasset" 620
"../../../Engine/Content/EngineMeshes/Cylinder.uasset" 621
"../../../Engine/Content/EngineTireTypes/DefaultTireType.uasset" 622
"../../../Engine/Content/EngineResources/AICON-Red.uasset" 623
"../../../Engine/Content/EngineResources/AICON-Green.uasset" 624
"../../../Engine/Content/Tutorial/Basics/TutorialAssets/icon_tab_Levels_40x.uasset" 625
"../../../Engine/Content/Tutorial/Basics/LevelEditorOverview.uasset" 626
"../../../Engine/Content/Tutorial/Basics/LevelEditorAttract.uasset" 627
"../../../Engine/Content/Tutorial/BlueprintTutorials/TutorialAssets/Blueprint_64x.uasset" 628
"../../../Engine/Content/Tutorial/BlueprintTutorials/BlueprintEditorTutorial.uasset" 629
"../../../Engine/Content/Tutorial/Landscape/TutorialAssets/Landscape.uasset" 630
"../../../Engine/Content/Tutorial/Landscape/Landscape_Painting_Mode.uasset" 631
"../../../Engine/Content/Tutorial/Landscape/Landscape_Sculpt_Mode.uasset" 632
"../../../Engine/Content/Tutorial/Landscape/Landscape_Manage_Mode.uasset" 633
"../../../Engine/Content/Tutorial/ContentIntroCurve.uasset" 634
"../../../Engine/Plugins/2D/Paper2D/Content/PlaceholderTextures/DummySpriteTexture.uasset" 635
"../../../Engine/Plugins/2D/Paper2D/Content/DummySpriteTexture.uasset" 636
"../../../Engine/Plugins/2D/Paper2D/Content/DefaultSpriteMaterial.uasset" 637
"../../../Engine/Plugins/2D/Paper2D/Content/MaskedUnlitSpriteMaterial.uasset" 638
"../../../Engine/Plugins/2D/Paper2D/Content/OpaqueUnlitSpriteMaterial.uasset" 639
"../../../Engine/Plugins/2D/Paper2D/Content/DummySprite.uasset" 640
"../../../Engine/Plugins/2D/Paper2D/Content/DefaultPaperTerrainMaterial.uasset" 641
"../../../ShooterGame/Content/FMOD/Events/foot/foot_on_grass.uasset" 642
"../../../ShooterGame/Content/FMOD/Buses/Reverb.uasset" 643
"../../../ShooterGame/Content/FMOD/Banks/Master_Bank.uasset" 644
"../../../ShooterGame/Content/Characters/MaleSoldierFPP/MaleSoldierFPP_Animation_Blueprint.uasset" 645
"../../../ShooterGame/Content/Blueprints/Weapons/WeapM4A1.uasset" 646
"../../../ShooterGame/Content/Blueprints/Pawns/PlayerPawn.uasset" 647
"../../../ShooterGame/Content/UI/HUD/HitIndicator.uasset" 648
"../../../ShooterGame/Content/UI/HUD/HUDAssets02.uasset" 649
"../../../ShooterGame/Content/UI/HUD/LowHealthOverlay.uasset" 650
"../../../ShooterGame/Content/UI/HUD/Roboto51.uasset" 651
"../../../ShooterGame/Content/UI/HUD/Roboto18.uasset" 652
"../../../ShooterGame/Content/UI/Menu/MenuItemBg.uasset" 653
"../../../ShooterGame/Content/UI/Styles/DefaultShooterButtonStyle.uasset" 654
"../../../ShooterGame/Content/UI/Chat/ChatBoxBacking.uasset" 655
"../../../ShooterGame/Content/UI/Chat/ChatBoxEntryBacking.uasset" 656
"../../../ShooterGame/Content/UI/Styles/DefaultShooterChatStyle.uasset" 657
"../../../ShooterGame/Content/UI/Menu/MenuArrowLeft.uasset" 658
"../../../ShooterGame/Content/UI/Menu/MenuArrowRight.uasset" 659
"../../../ShooterGame/Content/UI/Styles/DefaultShooterMenuItemStyle.uasset" 660
"../../../ShooterGame/Content/Sounds/InterfaceAudio/Stereo/MenuExit_Stereo.uasset" 661
"../../../ShooterGame/Content/Sounds/InterfaceAudio/Stereo/MenuExitStereo_Cue.uasset" 662
"../../../ShooterGame/Content/Sounds/InterfaceAudio/Stereo/MenuStart_Stereo.uasset" 663
"../../../ShooterGame/Content/Sounds/InterfaceAudio/Stereo/MenuStart_Stereo_Cue.uasset" 664
"../../../ShooterGame/Content/UI/Styles/DefaultShooterMenuSoundsStyle.uasset" 665
"../../../ShooterGame/Content/Sounds/InterfaceAudio/Stereo/MenuBack03_Stereo.uasset" 666
"../../../ShooterGame/Content/Sounds/InterfaceAudio/Stereo/MenuBack_Stereo_Cue.uasset" 667
"../../../ShooterGame/Content/Sounds/InterfaceAudio/Stereo/MenuCursor04_Stereo.uasset" 668
"../../../ShooterGame/Content/Sounds/InterfaceAudio/Stereo/MenuCursor_Sides_Stereo_Cue.uasset" 669
"../../../ShooterGame/Content/Sounds/InterfaceAudio/Stereo/MenuCursor02_Stereo.uasset" 670
"../../../ShooterGame/Content/Sounds/InterfaceAudio/Stereo/MenuCursor_UpDown_Stereo_Cue.uasset" 671
"../../../ShooterGame/Content/Sounds/InterfaceAudio/Stereo/MenuEnter03_Stereo.uasset" 672
"../../../ShooterGame/Content/Sounds/InterfaceAudio/Stereo/MenuEnter_Stereo_Cue.uasset" 673
"../../../ShooterGame/Content/UI/Menu/MenuBgLeft.uasset" 674
"../../../ShooterGame/Content/UI/Menu/MenuBgRight.uasset" 675
"../../../ShooterGame/Content/UI/Menu/MenuHeaderBg.uasset" 676
"../../../ShooterGame/Content/UI/Styles/DefaultShooterMenuStyle.uasset" 677
"../../../ShooterGame/Content/Sounds/InterfaceAudio/Stereo/MenuAccept_Stereo.uasset" 678
"../../../ShooterGame/Content/Sounds/InterfaceAudio/Stereo/MenuAccept_Stereo_Cue.uasset" 679
"../../../ShooterGame/Content/Sounds/InterfaceAudio/Stereo/MenuDiscard_Stereo.uasset" 680
"../../../ShooterGame/Content/Sounds/InterfaceAudio/Stereo/MenuDiscard_Stereo_Cue.uasset" 681
"../../../ShooterGame/Content/UI/Styles/DefaultShooterOptionsStyle.uasset" 682
"../../../ShooterGame/Content/UI/Styles/DefaultShooterScoreboardStyle.uasset" 683
"../../../Engine/Plugins/Runtime/LeapMotionController/Content/LM_CapsuleMesh.uasset" 684
"../../../Engine/Plugins/Runtime/LeapMotionController/Content/LM_TorusMesh.uasset" 685
"../../../Engine/Plugins/Runtime/LeapMotionController/Content/LM_HandColor.uasset" 686
"../../../Engine/Plugins/Runtime/LeapMotionController/Content/LM_SampleDistortion.uasset" 687
"../../../Engine/Plugins/Runtime/LeapMotionController/Content/LM_TestTexture.uasset" 688
"../../../Engine/Plugins/Runtime/LeapMotionController/Content/LM_PassthroughMaterial.uasset" 689
"../../../Engine/Content/BasicShapes/Cube.uasset" 690
"../../../Engine/Content/EngineMaterials/RemoveSurfaceMaterial.uasset" 691
"../../../Engine/Content/EngineDebugMaterials/DebugMeshMaterial.uasset" 692
"../../../Engine/Content/EngineMaterials/InvalidLightmapSettings.uasset" 693
"../../../Engine/Content/EngineMaterials/M_InvalidLightmapSettings.uasset" 694
"../../../Engine/Content/EditorMaterials/GizmoMaterial.uasset" 695
"../../../Engine/Content/EngineMaterials/Good64x64TilingNoiseHighFreq.uasset" 696
"../../../Engine/Content/EngineMaterials/DefaultBokeh.uasset" 697
"../../../Engine/Content/EngineMaterials/PreintegratedSkinBRDF.uasset" 698
"../../../Engine/Content/EngineMaterials/MiniFont.uasset" 699
"../../../Engine/Content/EngineMaterials/WeightMapPlaceholderTexture.uasset" 700
"../../../Engine/Content/EngineFonts/RobotoTiny.uasset" 701
"../../../Engine/Content/MobileResources/HUD/MobileHUDButton2_on.uasset" 702
"../../../Engine/Content/MobileResources/HUD/MobileHUDButton2_off.uasset" 703
"../../../Engine/Content/MobileResources/HUD/MobileHUDButtonFire.uasset" 704
"../../../Engine/Content/MobileResources/HUD/MobileHUDButton1_off.uasset" 705
"../../../Engine/Content/MobileResources/T_MobileControls_texture.uasset" 706
"../../../Engine/Content/MobileResources/HUD/MobileHUDDirectionPad3.uasset" 707
"../../../Engine/Content/EditorMaterials/PhAT_JointLimitMaterial.uasset" 708
"../../../Engine/Content/EditorMaterials/PreviewShadowIndicator.uasset" 709
"../../../Engine/Content/EditorMaterials/PreviewShadowIndicatorMaterial.uasset" 710
"../../../Engine/Content/EditorMeshes/ColorCalibrator/M_ChromeBall.uasset" 711
"../../../Engine/Content/EditorMeshes/ColorCalibrator/M_ClearCoat.uasset" 712
"../../../Engine/Content/EditorMeshes/ColorCalibrator/M_ClearCoatBlack.uasset" 713
"../../../Engine/Content/EditorMeshes/ColorCalibrator/T_ColorGrid.uasset" 714
"../../../Engine/Content/EditorMeshes/ColorCalibrator/M_ColorGrid.uasset" 715
"../../../Engine/Content/EditorMeshes/ColorCalibrator/M_GreyBall.uasset" 716
"../../../Engine/Content/EditorMeshes/ColorCalibrator/SM_ColorCalibrator.uasset" 717
"../../../Engine/Content/EditorResources/BSPVertex.uasset" 718
"../../../Engine/Content/EngineDebugMaterials/HeatmapGradient.uasset" 719
"../../../Engine/Content/EngineDebugMaterials/BoneWeightMaterial.uasset" 720
"../../../Engine/Content/EngineDebugMaterials/GeomMaterial.uasset" 721
"../../../Engine/Content/Functions/Engine_MaterialFunctions01/Shading/ConvertFromDiffSpec.uasset" 722
"../../../Engine/Content/EngineDebugMaterials/LevelColorationLitMaterial.uasset" 723
"../../../Engine/Content/EngineDebugMaterials/LevelColorationUnlitMaterial.uasset" 724
"../../../Engine/Content/EngineMaterials/DefaultWhiteGrid.uasset" 725
"../../../Engine/Content/EngineDebugMaterials/MAT_LevelColorationLitLightmapUV.uasset" 726
"../../../Engine/Content/EngineDebugMaterials/ShadedLevelColorationLitMaterial.uasset" 727
"../../../Engine/Content/EngineDebugMaterials/ShadedLevelColorationUnlitMateri.uasset" 728
"../../../Engine/Content/EngineDebugMaterials/VertexColorMaterial.uasset" 729
"../../../Engine/Content/EngineDebugMaterials/VertexColorViewMode_AlphaAsColor.uasset" 730
"../../../Engine/Content/EngineDebugMaterials/VertexColorViewMode_BlueOnly.uasset" 731
"../../../Engine/Content/EngineDebugMaterials/VertexColorViewMode_ColorOnly.uasset" 732
"../../../Engine/Content/EngineDebugMaterials/VertexColorViewMode_GreenOnly.uasset" 733
"../../../Engine/Content/EngineDebugMaterials/VertexColorViewMode_RedOnly.uasset" 734
"../../../Engine/Content/EngineDebugMaterials/WireframeMaterial.uasset" 735
"../../../Engine/Content/EngineMaterials/EditorBrushMaterial.uasset" 736
"../../../Engine/Content/MobileResources/T_MobileMenu2.uasset" 737
"../../../Engine/Content/MobileResources/HUD/AnalogHat.uasset" 738
"../../../Engine/Content/MobileResources/HUD/VirtualJoystick_Background.uasset" 739
"../../../Engine/Content/MobileResources/HUD/VirtualJoystick_Thumb.uasset" 740
"../../../Engine/Content/MobileResources/HUD/DefaultVirtualJoysticks.uasset" 741
"../../../Engine/Content/MobileResources/HUD/LeftVirtualJoystickOnly.uasset" 742
"../../../Engine/Content/MobileResources/HUD/MobileHUDButton1_on.uasset" 743
"../../../Engine/Content/MobileResources/HUD/MobileHUDButton3.uasset" 744
"../../../Engine/Content/MobileResources/HUD/MobileHUDDirectionPad.uasset" 745
"../../../Engine/Content/MobileResources/HUD/MobileHUDDirectionPad2.uasset" 746
"../../../Engine/Content/MobileResources/HUD/MobileHUDDirectionStick.uasset" 747
"../../../Engine/Content/MobileResources/HUD/T_Castle_ThumbstickInner.uasset" 748
"../../../Engine/Content/MobileResources/HUD/T_Castle_ThumbstickOutter.uasset" 749
"../../../Engine/Content/Tutorial/BlueprintTutorials/TutorialAssets/BlueprintInterface_64x.uasset" 750
"../../../Engine/Content/Tutorial/BlueprintTutorials/TutorialAssets/Tutorial_BP_Interface.uasset" 751
"../../../Engine/Content/Tutorial/BlueprintTutorials/BlueprintInterfacesEditorOverview.uasset" 752
"../../../Engine/Content/Tutorial/BlueprintTutorials/TutorialAssets/BlueprintMacroLibrary_64x.uasset" 753
"../../../Engine/Content/Tutorial/BlueprintTutorials/TutorialAssets/Tutorial_BP_MacroLib.uasset" 754
"../../../Engine/Content/Tutorial/BlueprintTutorials/BlueprintMacroLibrariesEditorOverview.uasset" 755
"../../../Engine/Content/Tutorial/BlueprintTutorials/LevelBlueprintEditorOverview.uasset" 756
"../../../Engine/Content/Tutorial/Foliage/TutorialAssets/Foliage.uasset" 757
"../../../Engine/Content/Tutorial/Foliage/Foliage_Settings_Tutorial.uasset" 758
"../../../Engine/Content/Tutorial/Foliage/Foliage_Using_The_Tool_Tutorial.uasset" 759
"../../../Engine/Content/Tutorial/Foliage/Foliage_Intro_Tutorial.uasset" 760
"../../../Engine/Content/Tutorial/Paper2D/TutorialAssets/Paper2DFlipbook_TutorialIcon.uasset" 761
"../../../Engine/Content/Tutorial/Paper2D/FlipbookEditorTutorial.uasset" 762
"../../../Engine/Content/Tutorial/Paper2D/TutorialAssets/Paper2DSprite_TutorialIcon.uasset" 763
"../../../Engine/Content/Tutorial/Paper2D/SpriteEditorTutorial.uasset" 764
"../../../Engine/Content/EditorMeshes/EditorCube.uasset" 765
"../../../Engine/Content/Tutorial/SubEditors/TutorialAssets/Tutorial_DM.uasset" 766
"../../../Engine/Content/Tutorial/SubEditors/DestructibleMeshEditorTutorial.uasset" 767
"../../../Engine/Content/Tutorial/SubEditors/TutorialAssets/TutorialMaterial.uasset" 768
"../../../Engine/Content/Tutorial/SubEditors/MaterialEditorTutorial.uasset" 769
"../../../Engine/Content/Tutorial/SubEditors/TutorialAssets/T_SmokeSubUV_8X8.uasset" 770
"../../../Engine/Content/Tutorial/SubEditors/TutorialAssets/T_soft_smoke.uasset" 771
"../../../Engine/Content/Tutorial/SubEditors/TutorialAssets/M_smoke_subUV_blackbody.uasset" 772
"../../../Engine/Content/Tutorial/SubEditors/TutorialAssets/TutorialParticleSystem.uasset" 773
"../../../Engine/Content/Tutorial/SubEditors/ParticleSystemEditorTutorial.uasset" 774
"../../../Engine/Content/Tutorial/SubEditors/TutorialAssets/icon_ShowSkeletalMeshes_40x.uasset" 775
"../../../Engine/Content/Tutorial/SubEditors/TutorialAssets/Character/TutorialTPP_Mat.uasset" 776
"../../../Engine/Content/Tutorial/SubEditors/TutorialAssets/Character/TutorialTPP_PhysicsAsset.uasset" 777
"../../../Engine/Content/Tutorial/SubEditors/TutorialAssets/Character/TutorialTPP.uasset" 778
"../../../Engine/Content/Tutorial/SubEditors/TutorialAssets/Character/TutorialTPP_Skeleton.uasset" 779
"../../../Engine/Content/Tutorial/SubEditors/TutorialAssets/Character/Tutorial_Idle.uasset" 780
"../../../Engine/Content/Tutorial/SubEditors/TutorialAssets/Character/Tutorial_Walk_Fwd.uasset" 781
"../../../Engine/Content/Tutorial/SubEditors/TutorialAssets/Character/NewBlendSpace1D.uasset" 782
"../../../Engine/Content/Tutorial/SubEditors/TutorialAssets/Character/TutorialCharacter.uasset" 783
"../../../Engine/Content/Tutorial/SubEditors/TutorialAssets/Character/TutorialTPP_AnimBlueprint.uasset" 784
"../../../Engine/Content/Tutorial/SubEditors/PersonaAnimBlueprintEditorWalkthrough.uasset" 785
"../../../Engine/Content/Tutorial/SubEditors/PersonaAnimEditorWalkthrough.uasset" 786
"../../../Engine/Content/Tutorial/SubEditors/PersonaAnimEditorTutorial.uasset" 787
"../../../Engine/Content/EngineMeshes/Cube.uasset" 788
"../../../Engine/Content/Tutorial/SubEditors/StaticMeshEditorTutorial.uasset" 789
"../../../Engine/Content/Tutorial/SubEditors/TutorialAssets/icon_Editor_Preferences_General_40x.uasset" 790
"../../../ShooterGame/Content/Sounds/InterfaceAudio/Mono/UI_LowHealth_Loop.uasset" 791
"../../../ShooterGame/Content/Sounds/InterfaceAudio/Mono/UI_LowHealth_Loop_Cue.uasset" 792
"../../../ShooterGame/Content/Sounds/InterfaceAudio/Stereo/MenuBack01_Stereo.uasset" 793
"../../../ShooterGame/Content/Sounds/InterfaceAudio/Stereo/MenuBack02_Stereo.uasset" 794
"../../../ShooterGame/Content/Sounds/InterfaceAudio/Stereo/MenuCursor01_Stereo.uasset" 795
"../../../ShooterGame/Content/Sounds/InterfaceAudio/Stereo/MenuCursor03_Stereo.uasset" 796
"../../../ShooterGame/Content/Sounds/InterfaceAudio/Stereo/MenuEnter01_Stereo.uasset" 797
"../../../ShooterGame/Content/Sounds/InterfaceAudio/Stereo/MenuEnter02_Stereo.uasset" 798
"../../../ShooterGame/Content/Sounds/Stingers/Stereo/Stinger_PlayerDeath01_Stereo.uasset" 799
"../../../ShooterGame/Content/Sounds/InterfaceAudio/Stereo/UI_PlayerRespawn_Stereo_Cue.uasset" 800
"../../../ShooterGame/Content/Sounds/InterfaceAudio/Stereo/Stinger_PlayerRespawn_Stereo_Cue.uasset" 801
"../../../ShooterGame/Content/Sounds/InterfaceAudio/Stereo/UI_LowHealth_Loop_Stereo.uasset" 802
"../../../ShooterGame/Content/UI/Chat/ChatLog_Icon_Star.uasset" 803
